1734261561113	geckodriver	INFO	Listening on 127.0.0.1:58970
1734261564181	mozrunner::runner	INFO	Running command: "C:\\Program Files\\Mozilla Firefox\\firefox.exe" "--marionette" "--remote-debugging-port" "58971" "--remote-allow-hosts" "localhost" "-no-remote" "-profile" "C:\\Users\\DNERI~1\\AppData\\Local\\Temp\\rust_mozprofilesILPfX"
console.warn: services.settings: Ignoring preference override of remote settings server
console.warn: services.settings: Allow by setting MOZ_REMOTE_SETTINGS_DEVTOOLS=1 in the environment
Dynamically enable window occlusion 0
1734261564438	Marionette	INFO	Marionette enabled
1734261564570	Marionette	INFO	Listening on port 58978
WebDriver BiDi listening on ws://127.0.0.1:58971
Read port: 58978
1734261564687	RemoteAgent	WARN	TLS certificate errors will be ignored for this session
DevTools listening on ws://127.0.0.1:58971/devtools/browser/b4750a76-d61a-4718-ac1e-6ff29a7a533c
console.warn: LoginRecipes: "Falling back to a synchronous message for: https://login.microsoftonline.com."
console.warn: LoginRecipes: "Falling back to a synchronous message for: https://login.microsoftonline.com."
console.warn: LoginRecipes: "Falling back to a synchronous message for: https://login.microsoftonline.com."
console.warn: LoginRecipes: "Falling back to a synchronous message for: https://login.microsoftonline.com."
console.error: ({})
1734261591816	Marionette	WARN	Ignoring event 'DOMContentLoaded' because document has an invalid readyState of 'complete'.
1734261593023	Marionette	INFO	Stopped listening on port 58978
JavaScript warning: https://moodle.eoppimispalvelut.fi/theme/yui_combo.php?rollup/3.17.2/yui-moodlesimple-min.js, line 8: Script terminated by timeout at:
y@https://moodle.eoppimispalvelut.fi/theme/yui_combo.php?rollup/3.17.2/yui-moodlesimple-min.js:8:979
w@https://moodle.eoppimispalvelut.fi/theme/yui_combo.php?rollup/3.17.2/yui-moodlesimple-min.js:8:1104

Dynamically enable window occlusion 1
