1734261299764	geckodriver	INFO	Listening on 127.0.0.1:58800
1734261302834	mozrunner::runner	INFO	Running command: "C:\\Program Files\\Mozilla Firefox\\firefox.exe" "--marionette" "--remote-debugging-port" "58801" "--remote-allow-hosts" "localhost" "-no-remote" "-profile" "C:\\Users\\DNERI~1\\AppData\\Local\\Temp\\rust_mozprofilekcb7LY"
console.warn: services.settings: Ignoring preference override of remote settings server
console.warn: services.settings: Allow by setting MOZ_REMOTE_SETTINGS_DEVTOOLS=1 in the environment
Dynamically enable window occlusion 0
1734261303089	Marionette	INFO	Marionette enabled
1734261303222	Marionette	INFO	Listening on port 58810
WebDriver BiDi listening on ws://127.0.0.1:58801
Read port: 58810
1734261303339	RemoteAgent	WARN	TLS certificate errors will be ignored for this session
DevTools listening on ws://127.0.0.1:58801/devtools/browser/d257a43b-c2af-4281-9550-035c65b4b585
console.warn: LoginRecipes: "Falling back to a synchronous message for: https://login.microsoftonline.com."
console.warn: LoginRecipes: "Falling back to a synchronous message for: https://login.microsoftonline.com."
console.warn: LoginRecipes: "Falling back to a synchronous message for: https://login.microsoftonline.com."
console.warn: LoginRecipes: "Falling back to a synchronous message for: https://login.microsoftonline.com."
console.warn: LoginRecipes: "Falling back to a synchronous message for: https://login.microsoftonline.com."
console.error: ({})
1734261343805	Marionette	WARN	Ignoring event 'DOMContentLoaded' because document has an invalid readyState of 'complete'.
1734261345689	Marionette	INFO	Stopped listening on port 58810
Dynamically enable window occlusion 1
