1734261495520	geckodriver	INFO	Listening on 127.0.0.1:58910
1734261498583	mozrunner::runner	INFO	Running command: "C:\\Program Files\\Mozilla Firefox\\firefox.exe" "--marionette" "--remote-debugging-port" "58911" "--remote-allow-hosts" "localhost" "-no-remote" "-profile" "C:\\Users\\DNERI~1\\AppData\\Local\\Temp\\rust_mozprofile5maK0R"
console.warn: services.settings: Ignoring preference override of remote settings server
console.warn: services.settings: Allow by setting MOZ_REMOTE_SETTINGS_DEVTOOLS=1 in the environment
Dynamically enable window occlusion 0
1734261498827	Marionette	INFO	Marionette enabled
1734261498960	Marionette	INFO	Listening on port 58918
WebDriver BiDi listening on ws://127.0.0.1:58911
Read port: 58918
1734261499079	RemoteAgent	WARN	TLS certificate errors will be ignored for this session
DevTools listening on ws://127.0.0.1:58911/devtools/browser/a38d815b-9027-4784-b0c4-1ae8bfc8b979
console.warn: LoginRecipes: "Falling back to a synchronous message for: https://login.microsoftonline.com."
console.warn: LoginRecipes: "Falling back to a synchronous message for: https://login.microsoftonline.com."
console.warn: LoginRecipes: "Falling back to a synchronous message for: https://login.microsoftonline.com."
console.warn: LoginRecipes: "Falling back to a synchronous message for: https://login.microsoftonline.com."
console.error: ({})
1734261522686	Marionette	WARN	Ignoring event 'DOMContentLoaded' because document has an invalid readyState of 'complete'.
1734261524061	Marionette	INFO	Stopped listening on port 58918
JavaScript warning: https://moodle.eoppimispalvelut.fi/lib/javascript.php/1733808754/lib/requirejs/require.min.js, line 5: Script terminated by timeout at:
eachProp@https://moodle.eoppimispalvelut.fi/lib/javascript.php/1733808754/lib/requirejs/require.min.js:5:532
l@https://moodle.eoppimispalvelut.fi/lib/javascript.php/1733808754/lib/requirejs/require.min.js:5:3792
newContext/l/w<@https://moodle.eoppimispalvelut.fi/lib/javascript.php/1733808754/lib/requirejs/require.min.js:5:4221

Dynamically enable window occlusion 1
