1734262248351	geckodriver	INFO	Listening on 127.0.0.1:59133
1734262251408	mozrunner::runner	INFO	Running command: "C:\\Program Files\\Mozilla Firefox\\firefox.exe" "--marionette" "--remote-debugging-port" "59134" "--remote-allow-hosts" "localhost" "-no-remote" "-profile" "C:\\Users\\DNERI~1\\AppData\\Local\\Temp\\rust_mozprofilePRAN0F"
console.warn: services.settings: Ignoring preference override of remote settings server
console.warn: services.settings: Allow by setting MOZ_REMOTE_SETTINGS_DEVTOOLS=1 in the environment
Dynamically enable window occlusion 0
1734262251658	Marionette	INFO	Marionette enabled
1734262251790	Marionette	INFO	Listening on port 59142
WebDriver BiDi listening on ws://127.0.0.1:59134
Read port: 59142
1734262251901	RemoteAgent	WARN	TLS certificate errors will be ignored for this session
DevTools listening on ws://127.0.0.1:59134/devtools/browser/675cbfbe-4510-46cf-bce4-1bd15b0d84b0
console.warn: LoginRecipes: "Falling back to a synchronous message for: https://login.microsoftonline.com."
console.warn: LoginRecipes: "Falling back to a synchronous message for: https://login.microsoftonline.com."
console.warn: LoginRecipes: "Falling back to a synchronous message for: https://login.microsoftonline.com."
console.warn: LoginRecipes: "Falling back to a synchronous message for: https://login.microsoftonline.com."
console.error: ({})
console.error: ({})
console.error: ({})
console.error: ({})
1734262306811	Marionette	WARN	Ignoring event 'DOMContentLoaded' because document has an invalid readyState of 'complete'.
1734262308081	Marionette	INFO	Stopped listening on port 59142
Dynamically enable window occlusion 1
