1733742581737	geckodriver	INFO	Listening on 127.0.0.1:50861
1733742584800	mozrunner::runner	INFO	Running command: "C:\\Program Files\\Mozilla Firefox\\firefox.exe" "--marionette" "--remote-debugging-port" "50862" "--remote-allow-hosts" "localhost" "-no-remote" "-profile" "C:\\Users\\DNERI~1\\AppData\\Local\\Temp\\rust_mozprofileaHin92"
console.warn: services.settings: Ignoring preference override of remote settings server
console.warn: services.settings: Allow by setting MOZ_REMOTE_SETTINGS_DEVTOOLS=1 in the environment
Dynamically enable window occlusion 0
1733742585029	Marionette	INFO	Marionette enabled
1733742585169	Marionette	INFO	Listening on port 50869
WebDriver BiDi listening on ws://127.0.0.1:50862
Read port: 50869
1733742585279	RemoteAgent	WARN	TLS certificate errors will be ignored for this session
DevTools listening on ws://127.0.0.1:50862/devtools/browser/8ddc491a-baa9-4b8f-9e89-e172ad3d325e
console.warn: LoginRecipes: "Falling back to a synchronous message for: https://login.microsoftonline.com."
console.warn: LoginRecipes: "Falling back to a synchronous message for: https://login.microsoftonline.com."
console.warn: LoginRecipes: "Falling back to a synchronous message for: https://login.microsoftonline.com."
console.warn: LoginRecipes: "Falling back to a synchronous message for: https://login.microsoftonline.com."
console.warn: LoginRecipes: "Falling back to a synchronous message for: https://login.microsoftonline.com."
console.error: ({})
console.error: ({})
1733742626486	Marionette	WARN	Ignoring event 'DOMContentLoaded' because document has an invalid readyState of 'complete'.
1733742701798	Marionette	INFO	Stopped listening on port 50869
Dynamically enable window occlusion 1
